10:46:25.521 [main] DEBUG io.netty.util.internal.PlatformDependent0 - java.nio.Bits.unaligned: available, true
10:46:25.521 [main] DEBUG io.netty.util.internal.PlatformDependent0 - jdk.internal.misc.Unsafe.allocateUninitializedArray(int): unavailable
java.lang.IllegalAccessException: class io.netty.util.internal.PlatformDependent0$7 cannot access class jdk.internal.misc.Unsafe (in module java.base) because module java.base does not export jdk.internal.misc to unnamed module @4501b7af
	at jdk.internal.reflect.Reflection.newIllegalAccessException(Reflection.java:394) ~[?:?]
	at java.lang.reflect.AccessibleObject.checkAccess(AccessibleObject.java:709) ~[?:?]
	at java.lang.reflect.Method.invoke(Method.java:569) ~[?:?]
	at io.netty.util.internal.PlatformDependent0$7.run(PlatformDependent0.java:410) ~[netty-common-4.1.91.Final.jar:4.1.91.Final]
	at java.security.AccessController.doPrivileged(AccessController.java:319) ~[?:?]
	at io.netty.util.internal.PlatformDependent0.<clinit>(PlatformDependent0.java:401) ~[netty-common-4.1.91.Final.jar:4.1.91.Final]
	at io.netty.util.internal.PlatformDependent.isAndroid(PlatformDependent.java:333) ~[netty-common-4.1.91.Final.jar:4.1.91.Final]
	at io.netty.util.internal.PlatformDependent.<clinit>(PlatformDependent.java:88) ~[netty-common-4.1.91.Final.jar:4.1.91.Final]
	at io.netty.util.HashedWheelTimer.<init>(HashedWheelTimer.java:114) ~[netty-common-4.1.91.Final.jar:4.1.91.Final]
	at io.netty.util.HashedWheelTimer.<init>(HashedWheelTimer.java:251) ~[netty-common-4.1.91.Final.jar:4.1.91.Final]
	at io.netty.util.HashedWheelTimer.<init>(HashedWheelTimer.java:224) ~[netty-common-4.1.91.Final.jar:4.1.91.Final]
	at io.netty.util.HashedWheelTimer.<init>(HashedWheelTimer.java:203) ~[netty-common-4.1.91.Final.jar:4.1.91.Final]
	at org.asynchttpclient.DefaultAsyncHttpClient.newNettyTimer(DefaultAsyncHttpClient.java:111) ~[async-http-client-2.12.3.jar:?]
	at org.asynchttpclient.DefaultAsyncHttpClient.<init>(DefaultAsyncHttpClient.java:90) ~[async-http-client-2.12.3.jar:?]
	at org.asynchttpclient.Dsl.asyncHttpClient(Dsl.java:32) ~[async-http-client-2.12.3.jar:?]
	at org.openqa.selenium.remote.http.netty.NettyClient.createHttpClient(NettyClient.java:94) ~[selenium-remote-driver-4.9.1.jar:?]
	at org.openqa.selenium.remote.http.netty.NettyClient.<clinit>(NettyClient.java:47) ~[selenium-remote-driver-4.9.1.jar:?]
	at org.openqa.selenium.remote.http.netty.NettyClient$Factory.createClient(NettyClient.java:135) ~[selenium-remote-driver-4.9.1.jar:?]
	at org.openqa.selenium.remote.HttpCommandExecutor.<init>(HttpCommandExecutor.java:116) ~[selenium-remote-driver-4.9.1.jar:?]
	at org.openqa.selenium.remote.HttpCommandExecutor.<init>(HttpCommandExecutor.java:94) ~[selenium-remote-driver-4.9.1.jar:?]
	at org.openqa.selenium.remote.service.DriverCommandExecutor.<init>(DriverCommandExecutor.java:88) ~[selenium-remote-driver-4.9.1.jar:?]
	at org.openqa.selenium.chromium.ChromiumDriverCommandExecutor.<init>(ChromiumDriverCommandExecutor.java:40) ~[selenium-chromium-driver-4.9.1.jar:?]
	at org.openqa.selenium.chrome.ChromeDriver$ChromeDriverCommandExecutor.<init>(ChromeDriver.java:111) ~[selenium-chrome-driver-4.9.1.jar:?]
	at org.openqa.selenium.chrome.ChromeDriver.generateExecutor(ChromeDriver.java:101) ~[selenium-chrome-driver-4.9.1.jar:?]
	at org.openqa.selenium.chrome.ChromeDriver.<init>(ChromeDriver.java:88) ~[selenium-chrome-driver-4.9.1.jar:?]
	at org.openqa.selenium.chrome.ChromeDriver.<init>(ChromeDriver.java:84) ~[selenium-chrome-driver-4.9.1.jar:?]
	at org.openqa.selenium.chrome.ChromeDriver.<init>(ChromeDriver.java:52) ~[selenium-chrome-driver-4.9.1.jar:?]
	at stepDefinitions.steps.user_launch_browser(steps.java:72) ~[test-classes/:?]
	at jdk.internal.reflect.DirectMethodHandleAccessor.invoke(DirectMethodHandleAccessor.java:104) ~[?:?]
	at java.lang.reflect.Method.invoke(Method.java:578) ~[?:?]
	at io.cucumber.java.Invoker.doInvoke(Invoker.java:66) ~[cucumber-java-7.12.1.jar:7.12.1]
	at io.cucumber.java.Invoker.invoke(Invoker.java:24) ~[cucumber-java-7.12.1.jar:7.12.1]
	at io.cucumber.java.AbstractGlueDefinition.invokeMethod(AbstractGlueDefinition.java:47) ~[cucumber-java-7.12.1.jar:7.12.1]
	at io.cucumber.java.JavaStepDefinition.execute(JavaStepDefinition.java:29) ~[cucumber-java-7.12.1.jar:7.12.1]
	at io.cucumber.core.runner.CoreStepDefinition.execute(CoreStepDefinition.java:66) ~[cucumber-core-7.12.1.jar:7.12.1]
	at io.cucumber.core.runner.PickleStepDefinitionMatch.runStep(PickleStepDefinitionMatch.java:63) ~[cucumber-core-7.12.1.jar:7.12.1]
	at io.cucumber.core.runner.ExecutionMode$1.execute(ExecutionMode.java:10) ~[cucumber-core-7.12.1.jar:7.12.1]
	at io.cucumber.core.runner.TestStep.executeStep(TestStep.java:84) ~[cucumber-core-7.12.1.jar:7.12.1]
	at io.cucumber.core.runner.TestStep.run(TestStep.java:56) ~[cucumber-core-7.12.1.jar:7.12.1]
	at io.cucumber.core.runner.PickleStepTestStep.run(PickleStepTestStep.java:51) ~[cucumber-core-7.12.1.jar:7.12.1]
	at io.cucumber.core.runner.TestCase.run(TestCase.java:84) ~[cucumber-core-7.12.1.jar:7.12.1]
	at io.cucumber.core.runner.Runner.runPickle(Runner.java:75) ~[cucumber-core-7.12.1.jar:7.12.1]
	at io.cucumber.junit.PickleRunners$NoStepDescriptions.lambda$run$0(PickleRunners.java:151) ~[cucumber-junit-7.12.1.jar:7.12.1]
	at io.cucumber.core.runtime.CucumberExecutionContext.lambda$runTestCase$5(CucumberExecutionContext.java:137) ~[cucumber-core-7.12.1.jar:7.12.1]
	at io.cucumber.core.runtime.RethrowingThrowableCollector.executeAndThrow(RethrowingThrowableCollector.java:23) ~[cucumber-core-7.12.1.jar:7.12.1]
	at io.cucumber.core.runtime.CucumberExecutionContext.runTestCase(CucumberExecutionContext.java:137) ~[cucumber-core-7.12.1.jar:7.12.1]
	at io.cucumber.junit.PickleRunners$NoStepDescriptions.run(PickleRunners.java:148) ~[cucumber-junit-7.12.1.jar:7.12.1]
	at io.cucumber.junit.FeatureRunner.runChild(FeatureRunner.java:144) ~[cucumber-junit-7.12.1.jar:7.12.1]
	at io.cucumber.junit.FeatureRunner.runChild(FeatureRunner.java:28) ~[cucumber-junit-7.12.1.jar:7.12.1]
	at org.junit.runners.ParentRunner$4.run(ParentRunner.java:331) ~[junit-4.13.2.jar:4.13.2]
	at org.junit.runners.ParentRunner$1.schedule(ParentRunner.java:79) ~[junit-4.13.2.jar:4.13.2]
	at org.junit.runners.ParentRunner.runChildren(ParentRunner.java:329) ~[junit-4.13.2.jar:4.13.2]
	at org.junit.runners.ParentRunner.access$100(ParentRunner.java:66) ~[junit-4.13.2.jar:4.13.2]
	at org.junit.runners.ParentRunner$2.evaluate(ParentRunner.java:293) ~[junit-4.13.2.jar:4.13.2]
	at org.junit.runners.ParentRunner$3.evaluate(ParentRunner.java:306) ~[junit-4.13.2.jar:4.13.2]
	at org.junit.runners.ParentRunner.run(ParentRunner.java:413) ~[junit-4.13.2.jar:4.13.2]
	at io.cucumber.junit.FeatureRunner.run(FeatureRunner.java:137) ~[cucumber-junit-7.12.1.jar:7.12.1]
	at io.cucumber.junit.Cucumber.runChild(Cucumber.java:196) ~[cucumber-junit-7.12.1.jar:7.12.1]
	at io.cucumber.junit.Cucumber.runChild(Cucumber.java:89) ~[cucumber-junit-7.12.1.jar:7.12.1]
	at org.junit.runners.ParentRunner$4.run(ParentRunner.java:331) ~[junit-4.13.2.jar:4.13.2]
	at org.junit.runners.ParentRunner$1.schedule(ParentRunner.java:79) ~[junit-4.13.2.jar:4.13.2]
	at org.junit.runners.ParentRunner.runChildren(ParentRunner.java:329) ~[junit-4.13.2.jar:4.13.2]
	at org.junit.runners.ParentRunner.access$100(ParentRunner.java:66) ~[junit-4.13.2.jar:4.13.2]
	at org.junit.runners.ParentRunner$2.evaluate(ParentRunner.java:293) ~[junit-4.13.2.jar:4.13.2]
	at io.cucumber.core.runtime.CucumberExecutionContext.lambda$runFeatures$6(CucumberExecutionContext.java:148) ~[cucumber-core-7.12.1.jar:7.12.1]
	at io.cucumber.core.runtime.CucumberExecutionContext.execute(CucumberExecutionContext.java:163) [cucumber-core-7.12.1.jar:7.12.1]
	at io.cucumber.core.runtime.CucumberExecutionContext.runFeatures(CucumberExecutionContext.java:146) [cucumber-core-7.12.1.jar:7.12.1]
	at io.cucumber.junit.Cucumber$StartAndFinishTestRun.evaluate(Cucumber.java:226) [cucumber-junit-7.12.1.jar:7.12.1]
	at org.junit.runners.ParentRunner$3.evaluate(ParentRunner.java:306) [junit-4.13.2.jar:4.13.2]
	at org.junit.runners.ParentRunner.run(ParentRunner.java:413) [junit-4.13.2.jar:4.13.2]
	at org.apache.maven.surefire.junit4.JUnit4Provider.execute(JUnit4Provider.java:316) [surefire-junit4-3.1.0.jar:3.1.0]
	at org.apache.maven.surefire.junit4.JUnit4Provider.executeWithRerun(JUnit4Provider.java:240) [surefire-junit4-3.1.0.jar:3.1.0]
	at org.apache.maven.surefire.junit4.JUnit4Provider.executeTestSet(JUnit4Provider.java:214) [surefire-junit4-3.1.0.jar:3.1.0]
	at org.apache.maven.surefire.junit4.JUnit4Provider.invoke(JUnit4Provider.java:155) [surefire-junit4-3.1.0.jar:3.1.0]
	at org.apache.maven.surefire.booter.ForkedBooter.runSuitesInProcess(ForkedBooter.java:385) [surefire-booter-3.1.0.jar:3.1.0]
	at org.apache.maven.surefire.booter.ForkedBooter.execute(ForkedBooter.java:162) [surefire-booter-3.1.0.jar:3.1.0]
	at org.apache.maven.surefire.booter.ForkedBooter.run(ForkedBooter.java:507) [surefire-booter-3.1.0.jar:3.1.0]
	at org.apache.maven.surefire.booter.ForkedBooter.main(ForkedBooter.java:495) [surefire-booter-3.1.0.jar:3.1.0]
10:46:25.521 [main] DEBUG io.netty.util.internal.PlatformDependent0 - java.nio.DirectByteBuffer.<init>(long, int): unavailable
10:46:25.521 [main] DEBUG io.netty.util.internal.PlatformDependent - sun.misc.Unsafe: available
10:46:25.521 [main] DEBUG io.netty.util.internal.PlatformDependent - maxDirectMemory: 2076180480 bytes (maybe)
10:46:25.521 [main] DEBUG io.netty.util.internal.PlatformDependent - -Dio.netty.tmpdir: C:\Users\mgmah\AppData\Local\Temp (java.io.tmpdir)
10:46:25.521 [main] DEBUG io.netty.util.internal.PlatformDependent - -Dio.netty.bitMode: 64 (sun.arch.data.model)
10:46:25.521 [main] DEBUG io.netty.util.internal.PlatformDependent - Platform: Windows
10:46:25.521 [main] DEBUG io.netty.util.internal.PlatformDependent - -Dio.netty.maxDirectMemory: -1 bytes
10:46:25.521 [main] DEBUG io.netty.util.internal.PlatformDependent - -Dio.netty.uninitializedArrayAllocationThreshold: -1
10:46:25.521 [main] DEBUG io.netty.util.internal.CleanerJava9 - java.nio.ByteBuffer.cleaner(): available
10:46:25.521 [main] DEBUG io.netty.util.internal.PlatformDependent - -Dio.netty.noPreferDirect: false
10:46:25.537 [main] DEBUG io.netty.util.internal.PlatformDependent - org.jctools-core.MpscChunkedArrayQueue: available
10:46:25.554 [main] DEBUG io.netty.util.internal.InternalThreadLocalMap - -Dio.netty.threadLocalMap.stringBuilder.initialSize: 1024
10:46:25.554 [main] DEBUG io.netty.util.internal.InternalThreadLocalMap - -Dio.netty.threadLocalMap.stringBuilder.maxSize: 4096
10:46:25.664 [main] DEBUG io.netty.handler.ssl.JdkSslContext - Default protocols (JDK): [TLSv1.3, TLSv1.2] 
10:46:25.664 [main] DEBUG io.netty.handler.ssl.JdkSslContext - Default cipher suites (JDK): [TLS_ECDHE_ECDSA_WITH_AES_256_GCM_SHA384, TLS_ECDHE_ECDSA_WITH_AES_128_GCM_SHA256, TLS_ECDHE_RSA_WITH_AES_128_GCM_SHA256, TLS_ECDHE_RSA_WITH_AES_256_GCM_SHA384, TLS_ECDHE_RSA_WITH_AES_128_CBC_SHA, TLS_ECDHE_RSA_WITH_AES_256_CBC_SHA, TLS_RSA_WITH_AES_128_GCM_SHA256, TLS_RSA_WITH_AES_128_CBC_SHA, TLS_RSA_WITH_AES_256_CBC_SHA, TLS_AES_128_GCM_SHA256, TLS_AES_256_GCM_SHA384]
10:46:25.664 [main] DEBUG io.netty.util.concurrent.GlobalEventExecutor - -Dio.netty.globalEventExecutor.quietPeriodSeconds: 1
10:46:25.680 [main] DEBUG io.netty.channel.MultithreadEventLoopGroup - -Dio.netty.eventLoopThreads: 16
10:46:25.680 [main] DEBUG io.netty.channel.nio.NioEventLoop - -Dio.netty.noKeySetOptimization: false
10:46:25.696 [main] DEBUG io.netty.channel.nio.NioEventLoop - -Dio.netty.selectorAutoRebuildThreshold: 512
10:46:25.696 [main] TRACE io.netty.channel.nio.NioEventLoop - instrumented a special java.util.Set into: sun.nio.ch.WEPollSelectorImpl@1daf3b44
10:46:25.696 [main] TRACE io.netty.channel.nio.NioEventLoop - instrumented a special java.util.Set into: sun.nio.ch.WEPollSelectorImpl@55a88417
10:46:25.696 [main] TRACE io.netty.channel.nio.NioEventLoop - instrumented a special java.util.Set into: sun.nio.ch.WEPollSelectorImpl@18acfe88
10:46:25.696 [main] TRACE io.netty.channel.nio.NioEventLoop - instrumented a special java.util.Set into: sun.nio.ch.WEPollSelectorImpl@8a2a6a
10:46:25.696 [main] TRACE io.netty.channel.nio.NioEventLoop - instrumented a special java.util.Set into: sun.nio.ch.WEPollSelectorImpl@772861aa
10:46:25.696 [main] TRACE io.netty.channel.nio.NioEventLoop - instrumented a special java.util.Set into: sun.nio.ch.WEPollSelectorImpl@6631cb64
10:46:25.712 [main] TRACE io.netty.channel.nio.NioEventLoop - instrumented a special java.util.Set into: sun.nio.ch.WEPollSelectorImpl@19962194
10:46:25.712 [main] TRACE io.netty.channel.nio.NioEventLoop - instrumented a special java.util.Set into: sun.nio.ch.WEPollSelectorImpl@481e91b6
10:46:25.712 [main] TRACE io.netty.channel.nio.NioEventLoop - instrumented a special java.util.Set into: sun.nio.ch.WEPollSelectorImpl@7c8f9c2e
10:46:25.712 [main] TRACE io.netty.channel.nio.NioEventLoop - instrumented a special java.util.Set into: sun.nio.ch.WEPollSelectorImpl@140d1230
10:46:25.712 [main] TRACE io.netty.channel.nio.NioEventLoop - instrumented a special java.util.Set into: sun.nio.ch.WEPollSelectorImpl@3cbf1ba4
10:46:25.712 [main] TRACE io.netty.channel.nio.NioEventLoop - instrumented a special java.util.Set into: sun.nio.ch.WEPollSelectorImpl@10bea4
10:46:25.712 [main] TRACE io.netty.channel.nio.NioEventLoop - instrumented a special java.util.Set into: sun.nio.ch.WEPollSelectorImpl@7e2c64
10:46:25.712 [main] TRACE io.netty.channel.nio.NioEventLoop - instrumented a special java.util.Set into: sun.nio.ch.WEPollSelectorImpl@7c1e32c9
10:46:25.712 [main] TRACE io.netty.channel.nio.NioEventLoop - instrumented a special java.util.Set into: sun.nio.ch.WEPollSelectorImpl@383864d5
10:46:25.712 [main] TRACE io.netty.channel.nio.NioEventLoop - instrumented a special java.util.Set into: sun.nio.ch.WEPollSelectorImpl@3dd818e8
10:46:25.728 [main] DEBUG io.netty.buffer.PooledByteBufAllocator - -Dio.netty.allocator.numHeapArenas: 16
10:46:25.728 [main] DEBUG io.netty.buffer.PooledByteBufAllocator - -Dio.netty.allocator.numDirectArenas: 16
10:46:25.728 [main] DEBUG io.netty.buffer.PooledByteBufAllocator - -Dio.netty.allocator.pageSize: 8192
10:46:25.728 [main] DEBUG io.netty.buffer.PooledByteBufAllocator - -Dio.netty.allocator.maxOrder: 9
10:46:25.728 [main] DEBUG io.netty.buffer.PooledByteBufAllocator - -Dio.netty.allocator.chunkSize: 4194304
10:46:25.728 [main] DEBUG io.netty.buffer.PooledByteBufAllocator - -Dio.netty.allocator.smallCacheSize: 256
10:46:25.728 [main] DEBUG io.netty.buffer.PooledByteBufAllocator - -Dio.netty.allocator.normalCacheSize: 64
10:46:25.728 [main] DEBUG io.netty.buffer.PooledByteBufAllocator - -Dio.netty.allocator.maxCachedBufferCapacity: 32768
10:46:25.728 [main] DEBUG io.netty.buffer.PooledByteBufAllocator - -Dio.netty.allocator.cacheTrimInterval: 8192
10:46:25.728 [main] DEBUG io.netty.buffer.PooledByteBufAllocator - -Dio.netty.allocator.cacheTrimIntervalMillis: 0
10:46:25.728 [main] DEBUG io.netty.buffer.PooledByteBufAllocator - -Dio.netty.allocator.useCacheForAllThreads: false
10:46:25.728 [main] DEBUG io.netty.buffer.PooledByteBufAllocator - -Dio.netty.allocator.maxCachedByteBuffersPerChunk: 1023
10:46:25.728 [main] DEBUG io.netty.buffer.ByteBufUtil - -Dio.netty.allocator.type: pooled
10:46:25.728 [main] DEBUG io.netty.buffer.ByteBufUtil - -Dio.netty.threadLocalDirectBufferSize: 0
10:46:25.728 [main] DEBUG io.netty.buffer.ByteBufUtil - -Dio.netty.maxThreadLocalCharBufferSize: 16384
10:46:25.955 [Forwarding newSession on session null to remote] DEBUG io.netty.channel.DefaultChannelId - -Dio.netty.processId: 12668 (auto-detected)
10:46:25.970 [Forwarding newSession on session null to remote] DEBUG io.netty.util.NetUtil - -Djava.net.preferIPv4Stack: false
10:46:25.970 [Forwarding newSession on session null to remote] DEBUG io.netty.util.NetUtil - -Djava.net.preferIPv6Addresses: false
10:46:25.970 [Forwarding newSession on session null to remote] DEBUG io.netty.util.NetUtilInitializations - Loopback interface: lo (Software Loopback Interface 1, 127.0.0.1)
10:46:25.970 [Forwarding newSession on session null to remote] DEBUG io.netty.util.NetUtil - Failed to get SOMAXCONN from sysctl and file \proc\sys\net\core\somaxconn. Default: 200
10:46:25.986 [Forwarding newSession on session null to remote] DEBUG io.netty.channel.DefaultChannelId - -Dio.netty.machineId: ec:63:d7:ff:fe:d7:28:41 (auto-detected)
10:46:26.018 [AsyncHttpClient-1-2] DEBUG io.netty.buffer.AbstractByteBuf - -Dio.netty.buffer.checkAccessible: true
10:46:26.018 [AsyncHttpClient-1-2] DEBUG io.netty.buffer.AbstractByteBuf - -Dio.netty.buffer.checkBounds: true
10:46:26.018 [AsyncHttpClient-1-2] DEBUG io.netty.util.ResourceLeakDetectorFactory - Loaded default ResourceLeakDetector: io.netty.util.ResourceLeakDetector@3807dbbf
10:46:26.034 [AsyncHttpClient-1-2] DEBUG io.netty.util.Recycler - -Dio.netty.recycler.maxCapacityPerThread: 4096
10:46:26.034 [AsyncHttpClient-1-2] DEBUG io.netty.util.Recycler - -Dio.netty.recycler.ratio: 8
10:46:26.034 [AsyncHttpClient-1-2] DEBUG io.netty.util.Recycler - -Dio.netty.recycler.chunkSize: 32
10:46:26.034 [AsyncHttpClient-1-2] DEBUG io.netty.util.Recycler - -Dio.netty.recycler.blocking: false
10:46:26.034 [AsyncHttpClient-1-2] DEBUG io.netty.util.Recycler - -Dio.netty.recycler.batchFastThreadLocalOnly: true
10:46:26.604 [AsyncHttpClient-1-2] DEBUG io.netty.handler.codec.compression.Brotli - brotli4j not in the classpath; Brotli support will be unavailable.
10:46:26.714 [main] DEBUG io.netty.util.internal.ThreadLocalRandom - -Dio.netty.initialSeedUniquifier: 0xb386c94061c7998b
10:46:29.576 [main] INFO  stepDefinitions.steps - Clicked on My Account 
10:46:30.064 [main] INFO  stepDefinitions.steps - Clicked on Login 
10:46:30.222 [main] INFO  stepDefinitions.steps - Provided Email 
10:46:30.305 [main] INFO  stepDefinitions.steps - Provided Password 
10:46:31.188 [main] INFO  stepDefinitions.steps - Clicked on Login button
10:46:31.235 [main] INFO  stepDefinitions.steps - Login Success 
10:46:31.235 [AsyncHttpClient-1-4] TRACE io.netty.handler.codec.http.websocketx.WebSocket08FrameEncoder - Encoding WebSocket Frame opCode=8 length=26
